# JRE version: OpenJDK Runtime Environment (11.0.12+7) (build 11.0.12+7-b1504.28-7817840)
# Java VM: OpenJDK 64-Bit Server VM (11.0.12+7-b1504.28-7817840, mixed mode, tiered, compressed oops, g1 gc, windows-amd64)
Heap:
 garbage-first heap   total 270336K, used 127377K [0x0000000080000000, 0x0000000100000000)
  region size 1024K, 16 young (16384K), 9 survivors (9216K)
 Metaspace       used 100011K, capacity 102649K, committed 102792K, reserved 1138688K
  class space    used 12987K, capacity 14008K, committed 14032K, reserved 1048576K
GC Heap History (20 events):
Event: 13.288 GC heap before
{Heap before GC invocations=24 (full 0):
 garbage-first heap   total 225280K, used 176165K [0x0000000080000000, 0x0000000100000000)
  region size 1024K, 75 young (76800K), 9 survivors (9216K)
 Metaspace       used 99236K, capacity 101765K, committed 102024K, reserved 1136640K
  class space    used 12917K, capacity 13896K, committed 14032K, reserved 1048576K
}
Event: 13.300 GC heap after
{Heap after GC invocations=25 (full 0):
 garbage-first heap   total 270336K, used 111446K [0x0000000080000000, 0x0000000100000000)
  region size 1024K, 3 young (3072K), 3 survivors (3072K)
 Metaspace       used 99236K, capacity 101765K, committed 102024K, reserved 1136640K
  class space    used 12917K, capacity 13896K, committed 14032K, reserved 1048576K
}
Event: 14.049 GC heap before
{Heap before GC invocations=25 (full 0):
 garbage-first heap   total 270336K, used 200534K [0x0000000080000000, 0x0000000100000000)
  region size 1024K, 90 young (92160K), 3 survivors (3072K)
 Metaspace       used 99569K, capacity 102103K, committed 102280K, reserved 1138688K
  class space    used 12942K, capacity 13938K, committed 14032K, reserved 1048576K
}
Event: 14.055 GC heap after
{Heap after GC invocations=26 (full 0):
 garbage-first heap   total 270336K, used 112379K [0x0000000080000000, 0x0000000100000000)
  region size 1024K, 4 young (4096K), 4 survivors (4096K)
 Metaspace       used 99569K, capacity 102103K, committed 102280K, reserved 1138688K
  class space    used 12942K, capacity 13938K, committed 14032K, reserved 1048576K
}
Event: 14.640 GC heap before
{Heap before GC invocations=26 (full 0):
 garbage-first heap   total 270336K, used 204539K [0x0000000080000000, 0x0000000100000000)
  region size 1024K, 94 young (96256K), 4 survivors (4096K)
 Metaspace       used 99668K, capacity 102251K, committed 102536K, reserved 1138688K
  class space    used 12952K, capacity 13943K, committed 14032K, reserved 1048576K
}
Event: 14.646 GC heap after
{Heap after GC invocations=27 (full 0):
 garbage-first heap   total 270336K, used 113949K [0x0000000080000000, 0x0000000100000000)
  region size 1024K, 6 young (6144K), 6 survivors (6144K)
 Metaspace       used 99668K, capacity 102251K, committed 102536K, reserved 1138688K
  class space    used 12952K, capacity 13943K, committed 14032K, reserved 1048576K
}
Event: 15.196 GC heap before
{Heap before GC invocations=27 (full 0):
 garbage-first heap   total 270336K, used 207133K [0x0000000080000000, 0x0000000100000000)
  region size 1024K, 97 young (99328K), 6 survivors (6144K)
 Metaspace       used 99758K, capacity 102331K, committed 102536K, reserved 1138688K
  class space    used 12956K, capacity 13946K, committed 14032K, reserved 1048576K
}
Event: 15.203 GC heap after
{Heap after GC invocations=28 (full 0):
 garbage-first heap   total 270336K, used 115397K [0x0000000080000000, 0x0000000100000000)
  region size 1024K, 7 young (7168K), 7 survivors (7168K)
 Metaspace       used 99758K, capacity 102331K, committed 102536K, reserved 1138688K
  class space    used 12956K, capacity 13946K, committed 14032K, reserved 1048576K
}
Event: 15.887 GC heap before
{Heap before GC invocations=28 (full 0):
 garbage-first heap   total 270336K, used 213701K [0x0000000080000000, 0x0000000100000000)
  region size 1024K, 103 young (105472K), 7 survivors (7168K)
 Metaspace       used 99819K, capacity 102436K, committed 102536K, reserved 1138688K
  class space    used 12963K, capacity 13959K, committed 14032K, reserved 1048576K
}
Event: 15.895 GC heap after
{Heap after GC invocations=29 (full 0):
 garbage-first heap   total 270336K, used 116091K [0x0000000080000000, 0x0000000100000000)
  region size 1024K, 8 young (8192K), 8 survivors (8192K)
 Metaspace       used 99819K, capacity 102436K, committed 102536K, reserved 1138688K
  class space    used 12963K, capacity 13959K, committed 14032K, reserved 1048576K
}
Event: 16.511 GC heap before
{Heap before GC invocations=29 (full 0):
 garbage-first heap   total 270336K, used 217467K [0x0000000080000000, 0x0000000100000000)
  region size 1024K, 107 young (109568K), 8 survivors (8192K)
 Metaspace       used 99901K, capacity 102526K, committed 102792K, reserved 1138688K
  class space    used 12979K, capacity 13967K, committed 14032K, reserved 1048576K
}
Event: 16.521 GC heap after
{Heap after GC invocations=30 (full 0):
 garbage-first heap   total 270336K, used 117359K [0x0000000080000000, 0x0000000100000000)
  region size 1024K, 7 young (7168K), 7 survivors (7168K)
 Metaspace       used 99901K, capacity 102526K, committed 102792K, reserved 1138688K
  class space    used 12979K, capacity 13967K, committed 14032K, reserved 1048576K
}
Event: 17.143 GC heap before
{Heap before GC invocations=30 (full 0):
 garbage-first heap   total 270336K, used 221807K [0x0000000080000000, 0x0000000100000000)
  region size 1024K, 109 young (111616K), 7 survivors (7168K)
 Metaspace       used 99931K, capacity 102538K, committed 102792K, reserved 1138688K
  class space    used 12982K, capacity 13971K, committed 14032K, reserved 1048576K
}
Event: 17.153 GC heap after
{Heap after GC invocations=31 (full 0):
 garbage-first heap   total 270336K, used 118511K [0x0000000080000000, 0x0000000100000000)
  region size 1024K, 8 young (8192K), 8 survivors (8192K)
 Metaspace       used 99931K, capacity 102538K, committed 102792K, reserved 1138688K
  class space    used 12982K, capacity 13971K, committed 14032K, reserved 1048576K
}
Event: 17.767 GC heap before
{Heap before GC invocations=31 (full 0):
 garbage-first heap   total 270336K, used 225007K [0x0000000080000000, 0x0000000100000000)
  region size 1024K, 112 young (114688K), 8 survivors (8192K)
 Metaspace       used 99941K, capacity 102540K, committed 102792K, reserved 1138688K
  class space    used 12982K, capacity 13971K, committed 14032K, reserved 1048576K
}
Event: 17.775 GC heap after
{Heap after GC invocations=32 (full 0):
 garbage-first heap   total 270336K, used 119258K [0x0000000080000000, 0x0000000100000000)
  region size 1024K, 9 young (9216K), 9 survivors (9216K)
 Metaspace       used 99941K, capacity 102540K, committed 102792K, reserved 1138688K
  class space    used 12982K, capacity 13971K, committed 14032K, reserved 1048576K
}
Event: 18.394 GC heap before
{Heap before GC invocations=32 (full 0):
 garbage-first heap   total 270336K, used 226778K [0x0000000080000000, 0x0000000100000000)
  region size 1024K, 114 young (116736K), 9 survivors (9216K)
 Metaspace       used 99983K, capacity 102615K, committed 102792K, reserved 1138688K
  class space    used 12984K, capacity 13975K, committed 14032K, reserved 1048576K
}
Event: 18.404 GC heap after
{Heap after GC invocations=33 (full 0):
 garbage-first heap   total 270336K, used 120296K [0x0000000080000000, 0x0000000100000000)
  region size 1024K, 8 young (8192K), 8 survivors (8192K)
 Metaspace       used 99983K, capacity 102615K, committed 102792K, reserved 1138688K
  class space    used 12984K, capacity 13975K, committed 14032K, reserved 1048576K
}
Event: 18.979 GC heap before
{Heap before GC invocations=33 (full 0):
 garbage-first heap   total 270336K, used 229864K [0x0000000080000000, 0x0000000100000000)
  region size 1024K, 115 young (117760K), 8 survivors (8192K)
 Metaspace       used 100001K, capacity 102617K, committed 102792K, reserved 1138688K
  class space    used 12984K, capacity 13976K, committed 14032K, reserved 1048576K
}
Event: 18.989 GC heap after
{Heap after GC invocations=34 (full 0):
 garbage-first heap   total 270336K, used 121233K [0x0000000080000000, 0x0000000100000000)
  region size 1024K, 9 young (9216K), 9 survivors (9216K)
 Metaspace       used 100001K, capacity 102617K, committed 102792K, reserved 1138688K
  class space    used 12984K, capacity 13976K, committed 14032K, reserved 1048576K
}

