# JRE version: OpenJDK Runtime Environment (11.0.12+7) (build 11.0.12+7-b1504.28-7817840)
# Java VM: OpenJDK 64-Bit Server VM (11.0.12+7-b1504.28-7817840, mixed mode, tiered, compressed oops, g1 gc, windows-amd64)
Heap:
 garbage-first heap   total 270336K, used 129521K [0x0000000080000000, 0x0000000100000000)
  region size 1024K, 2 young (2048K), 2 survivors (2048K)
 Metaspace       used 125592K, capacity 129086K, committed 129800K, reserved 1161216K
  class space    used 15634K, capacity 16971K, committed 17488K, reserved 1048576K
GC Heap History (20 events):
Event: 1118.624 GC heap after
{Heap after GC invocations=70 (full 0):
 garbage-first heap   total 225280K, used 106751K [0x0000000080000000, 0x0000000100000000)
  region size 1024K, 9 young (9216K), 9 survivors (9216K)
 Metaspace       used 123894K, capacity 127370K, committed 128136K, reserved 1161216K
  class space    used 15525K, capacity 16838K, committed 17360K, reserved 1048576K
}
Event: 1118.648 GC heap before
{Heap before GC invocations=70 (full 0):
 garbage-first heap   total 225280K, used 108799K [0x0000000080000000, 0x0000000100000000)
  region size 1024K, 11 young (11264K), 9 survivors (9216K)
 Metaspace       used 124010K, capacity 127450K, committed 128136K, reserved 1161216K
  class space    used 15537K, capacity 16842K, committed 17360K, reserved 1048576K
}
Event: 1118.655 GC heap after
{Heap after GC invocations=71 (full 0):
 garbage-first heap   total 225280K, used 104150K [0x0000000080000000, 0x0000000100000000)
  region size 1024K, 1 young (1024K), 1 survivors (1024K)
 Metaspace       used 124010K, capacity 127450K, committed 128136K, reserved 1161216K
  class space    used 15537K, capacity 16842K, committed 17360K, reserved 1048576K
}
Event: 1118.958 GC heap before
{Heap before GC invocations=71 (full 0):
 garbage-first heap   total 225280K, used 170710K [0x0000000080000000, 0x0000000100000000)
  region size 1024K, 66 young (67584K), 1 survivors (1024K)
 Metaspace       used 124233K, capacity 127704K, committed 128392K, reserved 1161216K
  class space    used 15554K, capacity 16882K, committed 17360K, reserved 1048576K
}
Event: 1119.002 GC heap after
{Heap after GC invocations=72 (full 0):
 garbage-first heap   total 225280K, used 116811K [0x0000000080000000, 0x0000000100000000)
  region size 1024K, 9 young (9216K), 9 survivors (9216K)
 Metaspace       used 124233K, capacity 127704K, committed 128392K, reserved 1161216K
  class space    used 15554K, capacity 16882K, committed 17360K, reserved 1048576K
}
Event: 1119.432 GC heap before
{Heap before GC invocations=73 (full 0):
 garbage-first heap   total 225280K, used 173131K [0x0000000080000000, 0x0000000100000000)
  region size 1024K, 64 young (65536K), 9 survivors (9216K)
 Metaspace       used 124722K, capacity 128195K, committed 128904K, reserved 1161216K
  class space    used 15589K, capacity 16921K, committed 17360K, reserved 1048576K
}
Event: 1119.451 GC heap after
{Heap after GC invocations=74 (full 0):
 garbage-first heap   total 225280K, used 125096K [0x0000000080000000, 0x0000000100000000)
  region size 1024K, 8 young (8192K), 8 survivors (8192K)
 Metaspace       used 124722K, capacity 128195K, committed 128904K, reserved 1161216K
  class space    used 15589K, capacity 16921K, committed 17360K, reserved 1048576K
}
Event: 1119.887 GC heap before
{Heap before GC invocations=74 (full 0):
 garbage-first heap   total 225280K, used 177320K [0x0000000080000000, 0x0000000100000000)
  region size 1024K, 59 young (60416K), 8 survivors (8192K)
 Metaspace       used 125194K, capacity 128769K, committed 129544K, reserved 1161216K
  class space    used 15612K, capacity 16956K, committed 17488K, reserved 1048576K
}
Event: 1119.896 GC heap after
{Heap after GC invocations=75 (full 0):
 garbage-first heap   total 225280K, used 128944K [0x0000000080000000, 0x0000000100000000)
  region size 1024K, 4 young (4096K), 4 survivors (4096K)
 Metaspace       used 125194K, capacity 128769K, committed 129544K, reserved 1161216K
  class space    used 15612K, capacity 16956K, committed 17488K, reserved 1048576K
}
Event: 1120.258 GC heap before
{Heap before GC invocations=76 (full 0):
 garbage-first heap   total 225280K, used 181168K [0x0000000080000000, 0x0000000100000000)
  region size 1024K, 55 young (56320K), 4 survivors (4096K)
 Metaspace       used 125359K, capacity 128924K, committed 129544K, reserved 1161216K
  class space    used 15622K, capacity 16963K, committed 17488K, reserved 1048576K
}
Event: 1120.264 GC heap after
{Heap after GC invocations=77 (full 0):
 garbage-first heap   total 225280K, used 129374K [0x0000000080000000, 0x0000000100000000)
  region size 1024K, 4 young (4096K), 4 survivors (4096K)
 Metaspace       used 125359K, capacity 128924K, committed 129544K, reserved 1161216K
  class space    used 15622K, capacity 16963K, committed 17488K, reserved 1048576K
}
Event: 1120.296 GC heap before
{Heap before GC invocations=77 (full 0):
 garbage-first heap   total 225280K, used 136542K [0x0000000080000000, 0x0000000100000000)
  region size 1024K, 11 young (11264K), 4 survivors (4096K)
 Metaspace       used 125365K, capacity 128924K, committed 129544K, reserved 1161216K
  class space    used 15622K, capacity 16963K, committed 17488K, reserved 1048576K
}
Event: 1120.304 GC heap after
{Heap after GC invocations=78 (full 0):
 garbage-first heap   total 225280K, used 128600K [0x0000000080000000, 0x0000000100000000)
  region size 1024K, 2 young (2048K), 2 survivors (2048K)
 Metaspace       used 125365K, capacity 128924K, committed 129544K, reserved 1161216K
  class space    used 15622K, capacity 16963K, committed 17488K, reserved 1048576K
}
Event: 1120.675 GC heap before
{Heap before GC invocations=78 (full 0):
 garbage-first heap   total 225280K, used 182872K [0x0000000080000000, 0x0000000100000000)
  region size 1024K, 55 young (56320K), 2 survivors (2048K)
 Metaspace       used 125496K, capacity 129000K, committed 129544K, reserved 1161216K
  class space    used 15631K, capacity 16966K, committed 17488K, reserved 1048576K
}
Event: 1120.682 GC heap after
{Heap after GC invocations=79 (full 0):
 garbage-first heap   total 225280K, used 129287K [0x0000000080000000, 0x0000000100000000)
  region size 1024K, 2 young (2048K), 2 survivors (2048K)
 Metaspace       used 125496K, capacity 129000K, committed 129544K, reserved 1161216K
  class space    used 15631K, capacity 16966K, committed 17488K, reserved 1048576K
}
Event: 1121.060 GC heap before
{Heap before GC invocations=80 (full 0):
 garbage-first heap   total 225280K, used 185607K [0x0000000080000000, 0x0000000100000000)
  region size 1024K, 57 young (58368K), 2 survivors (2048K)
 Metaspace       used 125549K, capacity 129070K, committed 129800K, reserved 1161216K
  class space    used 15632K, capacity 16967K, committed 17488K, reserved 1048576K
}
Event: 1121.065 GC heap after
{Heap after GC invocations=81 (full 0):
 garbage-first heap   total 225280K, used 130173K [0x0000000080000000, 0x0000000100000000)
  region size 1024K, 3 young (3072K), 3 survivors (3072K)
 Metaspace       used 125549K, capacity 129070K, committed 129800K, reserved 1161216K
  class space    used 15632K, capacity 16967K, committed 17488K, reserved 1048576K
}
Event: 1121.103 GC heap before
{Heap before GC invocations=81 (full 0):
 garbage-first heap   total 225280K, used 138365K [0x0000000080000000, 0x0000000100000000)
  region size 1024K, 11 young (11264K), 3 survivors (3072K)
 Metaspace       used 125556K, capacity 129070K, committed 129800K, reserved 1161216K
  class space    used 15632K, capacity 16967K, committed 17488K, reserved 1048576K
}
Event: 1121.113 GC heap after
{Heap after GC invocations=82 (full 0):
 garbage-first heap   total 225280K, used 128800K [0x0000000080000000, 0x0000000100000000)
  region size 1024K, 2 young (2048K), 2 survivors (2048K)
 Metaspace       used 125556K, capacity 129070K, committed 129800K, reserved 1161216K
  class space    used 15632K, capacity 16967K, committed 17488K, reserved 1048576K
}
Event: 1121.417 GC heap before
{Heap before GC invocations=82 (full 0):
 garbage-first heap   total 225280K, used 186144K [0x0000000080000000, 0x0000000100000000)
  region size 1024K, 58 young (59392K), 2 survivors (2048K)
 Metaspace       used 125592K, capacity 129086K, committed 129800K, reserved 1161216K
  class space    used 15634K, capacity 16971K, committed 17488K, reserved 1048576K
}

